0 info it worked if it ends with ok
1 verbose cli [ '/home/nadeem/.nvm/versions/node/v6.10.3/bin/node',
1 verbose cli   '/home/nadeem/.nvm/versions/node/v6.10.3/bin/npm',
1 verbose cli   'version',
1 verbose cli   'patch' ]
2 info using npm@3.10.10
3 info using node@v6.10.3
4 info git [ 'status', '--porcelain' ]
5 info lifecycle ngeditable@1.0.6~preversion: ngeditable@1.0.6
6 silly lifecycle ngeditable@1.0.6~preversion: no script for preversion, continuing
7 verbose version.write data { name: 'ngeditable',
7 verbose version.write   version: '1.0.6',
7 verbose version.write   description: 'Directive to make any HTML element editable in angularjs',
7 verbose version.write   main: 'index.js',
7 verbose version.write   dependencies: {},
7 verbose version.write   devDependencies: {},
7 verbose version.write   scripts: { test: 'echo "Error: no test specified" && exit 1' },
7 verbose version.write   repository:
7 verbose version.write    { type: 'git',
7 verbose version.write      url: 'git+https://github.com/NadeemShadan/ngeditable.git' },
7 verbose version.write   keywords:
7 verbose version.write    [ 'editable',
7 verbose version.write      'edit',
7 verbose version.write      'html',
7 verbose version.write      'angularjs',
7 verbose version.write      'edit',
7 verbose version.write      'div',
7 verbose version.write      'angularjs',
7 verbose version.write      'edit div content',
7 verbose version.write      'edit html tags',
7 verbose version.write      'edit html elements angularjs' ],
7 verbose version.write   author: 'Nadeem Shadan',
7 verbose version.write   license: 'MIT',
7 verbose version.write   bugs: { url: 'https://github.com/NadeemShadan/ngeditable/issues' },
7 verbose version.write   homepage: 'https://github.com/NadeemShadan/ngeditable#readme' } to package.json
8 info lifecycle ngeditable@1.0.6~version: ngeditable@1.0.6
9 silly lifecycle ngeditable@1.0.6~version: no script for version, continuing
10 info git [ 'add', '/home/nadeem/openSource/ngeditable/package.json' ]
11 info git [ 'commit', '-m', '1.0.6' ]
12 info git [ 'tag', 'v1.0.6', '-am', '1.0.6' ]
13 verbose stack Error: Command failed: git tag v1.0.6 -am 1.0.6
13 verbose stack fatal: tag 'v1.0.6' already exists
13 verbose stack
13 verbose stack     at ChildProcess.exithandler (child_process.js:204:12)
13 verbose stack     at emitTwo (events.js:106:13)
13 verbose stack     at ChildProcess.emit (events.js:191:7)
13 verbose stack     at maybeClose (internal/child_process.js:886:16)
13 verbose stack     at Socket.<anonymous> (internal/child_process.js:342:11)
13 verbose stack     at emitOne (events.js:96:13)
13 verbose stack     at Socket.emit (events.js:188:7)
13 verbose stack     at Pipe._handle.close [as _onclose] (net.js:497:12)
14 verbose cwd /home/nadeem/openSource/ngeditable
15 error Linux 4.15.0-42-generic
16 error argv "/home/nadeem/.nvm/versions/node/v6.10.3/bin/node" "/home/nadeem/.nvm/versions/node/v6.10.3/bin/npm" "version" "patch"
17 error node v6.10.3
18 error npm  v3.10.10
19 error code 128
20 error Command failed: git tag v1.0.6 -am 1.0.6
20 error fatal: tag 'v1.0.6' already exists
21 error If you need help, you may report this error at:
21 error     <https://github.com/npm/npm/issues>
22 verbose exit [ 1, true ]
